[2026-03-12 20:30:33,143][__main__][INFO] - 
============================================================
[2026-03-12 20:30:33,143][__main__][INFO] - TRIAL CONFIG:
[2026-03-12 20:30:33,144][__main__][INFO] - model:
  latent_dim: 384
  action_dim: 4
  num_heads: 12
  num_layers: 4
  mlp_ratio: 8
training:
  learning_rate: 0.000981203901460604
  batch_size: 128
  sequence_length: 24
  num_epochs: 30
  batches_per_epoch: 50
  grad_clip: 1.0
  weight_decay: 0.0
  lambda_latent: 1.0
  lambda_reward: 0.5
  lambda_done: 0.5
seed: 42
device: cuda
run_tag: baseline
data:
  processed_dir: data/processed
  buffer_capacity: 200000

[2026-03-12 20:30:33,144][__main__][INFO] - ============================================================
[2026-03-12 20:30:33,196][__main__][INFO] - Model: 11,973,891 params | L=4 H=12 (head_dim=32) MLP×8
[2026-03-12 20:30:33,800][__main__][INFO] - Buffer loaded: 1000/1000 episodes | total_steps=63,945
[2026-03-12 20:39:03,745][__main__][INFO] -   epoch   5 | loss=0.0653 | DDA=0.489 | MSE=0.0199 | cos=0.999
[2026-03-12 20:39:17,135][__main__][INFO] -   epoch  10 | loss=0.0213 | DDA=0.560 | MSE=0.0175 | cos=0.999
[2026-03-12 20:39:32,655][__main__][INFO] -   epoch  15 | loss=0.0187 | DDA=0.601 | MSE=0.0142 | cos=0.999
[2026-03-12 20:39:48,399][__main__][INFO] -   epoch  20 | loss=0.0159 | DDA=0.629 | MSE=0.0119 | cos=0.999
[2026-03-12 20:40:01,806][__main__][INFO] -   epoch  25 | loss=0.0223 | DDA=0.564 | MSE=0.0173 | cos=0.999
[2026-03-12 20:40:15,280][__main__][INFO] -   epoch  30 | loss=0.0235 | DDA=0.545 | MSE=0.0177 | cos=0.999
[2026-03-12 20:40:15,495][__main__][INFO] - 
FINAL: DDA=0.547 | MSE=0.0179 | cos=0.999 | time=581s
