[2026-03-12 20:55:29,563][__main__][INFO] - 
============================================================
[2026-03-12 20:55:29,563][__main__][INFO] - TRIAL CONFIG:
[2026-03-12 20:55:29,564][__main__][INFO] - model:
  latent_dim: 384
  action_dim: 4
  num_heads: 8
  num_layers: 2
  mlp_ratio: 2
training:
  learning_rate: 0.0008626778220215749
  batch_size: 32
  sequence_length: 24
  num_epochs: 30
  batches_per_epoch: 50
  grad_clip: 1.0
  weight_decay: 0.0
  lambda_latent: 1.0
  lambda_reward: 0.5
  lambda_done: 0.5
seed: 42
device: cuda
run_tag: baseline
data:
  processed_dir: data/processed
  buffer_capacity: 200000

[2026-03-12 20:55:29,564][__main__][INFO] - ============================================================
[2026-03-12 20:55:29,579][__main__][INFO] - Model: 2,519,043 params | L=2 H=8 (head_dim=48) MLP×2
[2026-03-12 20:55:30,210][__main__][INFO] - Buffer loaded: 1000/1000 episodes | total_steps=63,945
[2026-03-12 20:55:32,867][__main__][INFO] -   epoch   5 | loss=0.0217 | DDA=0.563 | MSE=0.0178 | cos=0.999
[2026-03-12 20:55:35,369][__main__][INFO] -   epoch  10 | loss=0.0189 | DDA=0.596 | MSE=0.0155 | cos=0.999
[2026-03-12 20:55:38,277][__main__][INFO] -   epoch  15 | loss=0.0186 | DDA=0.619 | MSE=0.0136 | cos=0.999
[2026-03-12 20:55:41,260][__main__][INFO] -   epoch  20 | loss=0.0165 | DDA=0.645 | MSE=0.0133 | cos=0.999
[2026-03-12 20:55:43,886][__main__][INFO] -   epoch  25 | loss=0.0164 | DDA=0.623 | MSE=0.0116 | cos=0.999
[2026-03-12 20:55:46,380][__main__][INFO] -   epoch  30 | loss=0.0160 | DDA=0.630 | MSE=0.0111 | cos=0.999
[2026-03-12 20:55:46,440][__main__][INFO] - 
FINAL: DDA=0.641 | MSE=0.0114 | cos=0.999 | time=16s
