[2026-03-12 20:51:49,616][__main__][INFO] - 
============================================================
[2026-03-12 20:51:49,616][__main__][INFO] - TRIAL CONFIG:
[2026-03-12 20:51:49,618][__main__][INFO] - model:
  latent_dim: 384
  action_dim: 4
  num_heads: 8
  num_layers: 2
  mlp_ratio: 2
training:
  learning_rate: 0.0008994607652068553
  batch_size: 32
  sequence_length: 24
  num_epochs: 30
  batches_per_epoch: 50
  grad_clip: 1.0
  weight_decay: 0.0
  lambda_latent: 1.0
  lambda_reward: 0.5
  lambda_done: 0.5
seed: 42
device: cuda
run_tag: baseline
data:
  processed_dir: data/processed
  buffer_capacity: 200000

[2026-03-12 20:51:49,619][__main__][INFO] - ============================================================
[2026-03-12 20:51:49,631][__main__][INFO] - Model: 2,519,043 params | L=2 H=8 (head_dim=48) MLP×2
[2026-03-12 20:51:50,311][__main__][INFO] - Buffer loaded: 1000/1000 episodes | total_steps=63,945
[2026-03-12 20:51:53,157][__main__][INFO] -   epoch   5 | loss=0.0214 | DDA=0.564 | MSE=0.0178 | cos=0.999
[2026-03-12 20:51:55,994][__main__][INFO] -   epoch  10 | loss=0.0188 | DDA=0.583 | MSE=0.0159 | cos=0.999
[2026-03-12 20:51:58,628][__main__][INFO] -   epoch  15 | loss=0.0181 | DDA=0.626 | MSE=0.0131 | cos=0.999
[2026-03-12 20:52:01,267][__main__][INFO] -   epoch  20 | loss=0.0158 | DDA=0.650 | MSE=0.0125 | cos=0.999
[2026-03-12 20:52:04,267][__main__][INFO] -   epoch  25 | loss=0.0155 | DDA=0.622 | MSE=0.0112 | cos=0.999
[2026-03-12 20:52:07,374][__main__][INFO] -   epoch  30 | loss=0.0151 | DDA=0.633 | MSE=0.0103 | cos=0.999
[2026-03-12 20:52:07,442][__main__][INFO] - 
FINAL: DDA=0.646 | MSE=0.0106 | cos=0.999 | time=17s
