[2026-03-12 20:43:38,310][__main__][INFO] - 
============================================================
[2026-03-12 20:43:38,310][__main__][INFO] - TRIAL CONFIG:
[2026-03-12 20:43:38,311][__main__][INFO] - model:
  latent_dim: 384
  action_dim: 4
  num_heads: 6
  num_layers: 2
  mlp_ratio: 2
training:
  learning_rate: 0.0008382255849472851
  batch_size: 64
  sequence_length: 24
  num_epochs: 30
  batches_per_epoch: 50
  grad_clip: 1.0
  weight_decay: 0.0
  lambda_latent: 1.0
  lambda_reward: 0.5
  lambda_done: 0.5
seed: 42
device: cuda
run_tag: baseline
data:
  processed_dir: data/processed
  buffer_capacity: 200000

[2026-03-12 20:43:38,312][__main__][INFO] - ============================================================
[2026-03-12 20:43:38,326][__main__][INFO] - Model: 2,519,043 params | L=2 H=6 (head_dim=64) MLP×2
[2026-03-12 20:43:39,041][__main__][INFO] - Buffer loaded: 1000/1000 episodes | total_steps=63,945
[2026-03-12 20:43:41,957][__main__][INFO] -   epoch   5 | loss=0.0209 | DDA=0.571 | MSE=0.0178 | cos=0.999
[2026-03-12 20:43:45,223][__main__][INFO] -   epoch  10 | loss=0.0193 | DDA=0.615 | MSE=0.0149 | cos=0.999
[2026-03-12 20:43:48,667][__main__][INFO] -   epoch  15 | loss=0.0183 | DDA=0.589 | MSE=0.0137 | cos=0.999
[2026-03-12 20:43:51,939][__main__][INFO] -   epoch  20 | loss=0.0161 | DDA=0.650 | MSE=0.0128 | cos=0.999
[2026-03-12 20:43:55,180][__main__][INFO] -   epoch  25 | loss=0.0155 | DDA=0.626 | MSE=0.0108 | cos=0.999
[2026-03-12 20:43:58,769][__main__][INFO] -   epoch  30 | loss=0.0148 | DDA=0.640 | MSE=0.0104 | cos=0.999
[2026-03-12 20:43:58,841][__main__][INFO] - 
FINAL: DDA=0.629 | MSE=0.0103 | cos=0.999 | time=20s
