[2026-03-12 21:54:10,234][__main__][INFO] - 
============================================================
[2026-03-12 21:54:10,234][__main__][INFO] - TRIAL CONFIG:
[2026-03-12 21:54:10,235][__main__][INFO] - model:
  latent_dim: 384
  action_dim: 4
  num_heads: 8
  num_layers: 2
  mlp_ratio: 2
training:
  learning_rate: 0.0002648449168987115
  batch_size: 32
  sequence_length: 24
  num_epochs: 60
  batches_per_epoch: 50
  grad_clip: 1.0
  weight_decay: 0.0
  lambda_latent: 1.0
  lambda_reward: 0.5
  lambda_done: 0.5
seed: 42
device: cuda
run_tag: lr_sweep
data:
  processed_dir: data/processed
  buffer_capacity: 200000

[2026-03-12 21:54:10,236][__main__][INFO] - ============================================================
[2026-03-12 21:54:10,248][__main__][INFO] - Model: 2,519,043 params | L=2 H=8 (head_dim=48) MLP×2
[2026-03-12 21:54:10,877][__main__][INFO] - Buffer loaded: 1000/1000 episodes | total_steps=63,945
[2026-03-12 21:54:13,534][__main__][INFO] -   epoch   5 | loss=0.0224 | DDA=0.542 | MSE=0.0190 | cos=0.999
[2026-03-12 21:54:16,233][__main__][INFO] -   epoch  10 | loss=0.0214 | DDA=0.550 | MSE=0.0182 | cos=0.999
[2026-03-12 21:54:18,901][__main__][INFO] -   epoch  15 | loss=0.0213 | DDA=0.563 | MSE=0.0166 | cos=0.999
[2026-03-12 21:54:21,531][__main__][INFO] -   epoch  20 | loss=0.0189 | DDA=0.619 | MSE=0.0159 | cos=0.999
[2026-03-12 21:54:24,249][__main__][INFO] -   epoch  25 | loss=0.0187 | DDA=0.602 | MSE=0.0140 | cos=0.999
[2026-03-12 21:54:27,022][__main__][INFO] -   epoch  30 | loss=0.0189 | DDA=0.615 | MSE=0.0138 | cos=0.999
[2026-03-12 21:54:29,791][__main__][INFO] -   epoch  35 | loss=0.0170 | DDA=0.611 | MSE=0.0141 | cos=0.999
[2026-03-12 21:54:32,444][__main__][INFO] -   epoch  40 | loss=0.0163 | DDA=0.622 | MSE=0.0127 | cos=0.999
[2026-03-12 21:54:35,075][__main__][INFO] -   epoch  45 | loss=0.0168 | DDA=0.654 | MSE=0.0129 | cos=0.999
[2026-03-12 21:54:37,760][__main__][INFO] -   epoch  50 | loss=0.0157 | DDA=0.625 | MSE=0.0123 | cos=0.999
[2026-03-12 21:54:40,632][__main__][INFO] -   epoch  55 | loss=0.0163 | DDA=0.646 | MSE=0.0118 | cos=0.999
[2026-03-12 21:54:43,289][__main__][INFO] -   epoch  60 | loss=0.0160 | DDA=0.646 | MSE=0.0116 | cos=0.999
[2026-03-12 21:54:43,364][__main__][INFO] - 
FINAL: DDA=0.615 | MSE=0.0113 | cos=0.999 | time=32s
