[2026-03-12 21:52:30,654][__main__][INFO] - 
============================================================
[2026-03-12 21:52:30,656][__main__][INFO] - TRIAL CONFIG:
[2026-03-12 21:52:30,656][__main__][INFO] - model:
  latent_dim: 384
  action_dim: 4
  num_heads: 8
  num_layers: 2
  mlp_ratio: 2
training:
  learning_rate: 0.00012716683040726613
  batch_size: 32
  sequence_length: 24
  num_epochs: 60
  batches_per_epoch: 50
  grad_clip: 1.0
  weight_decay: 0.0
  lambda_latent: 1.0
  lambda_reward: 0.5
  lambda_done: 0.5
seed: 42
device: cuda
run_tag: lr_sweep
data:
  processed_dir: data/processed
  buffer_capacity: 200000

[2026-03-12 21:52:30,657][__main__][INFO] - ============================================================
[2026-03-12 21:52:30,669][__main__][INFO] - Model: 2,519,043 params | L=2 H=8 (head_dim=48) MLP×2
[2026-03-12 21:52:31,416][__main__][INFO] - Buffer loaded: 1000/1000 episodes | total_steps=63,945
[2026-03-12 21:52:34,239][__main__][INFO] -   epoch   5 | loss=0.0231 | DDA=0.525 | MSE=0.0196 | cos=0.999
[2026-03-12 21:52:36,945][__main__][INFO] -   epoch  10 | loss=0.0220 | DDA=0.532 | MSE=0.0190 | cos=0.999
[2026-03-12 21:52:39,736][__main__][INFO] -   epoch  15 | loss=0.0226 | DDA=0.565 | MSE=0.0178 | cos=0.999
[2026-03-12 21:52:42,474][__main__][INFO] -   epoch  20 | loss=0.0211 | DDA=0.588 | MSE=0.0182 | cos=0.999
[2026-03-12 21:52:45,058][__main__][INFO] -   epoch  25 | loss=0.0208 | DDA=0.575 | MSE=0.0157 | cos=0.999
[2026-03-12 21:52:47,809][__main__][INFO] -   epoch  30 | loss=0.0207 | DDA=0.578 | MSE=0.0162 | cos=0.999
[2026-03-12 21:52:50,679][__main__][INFO] -   epoch  35 | loss=0.0192 | DDA=0.598 | MSE=0.0160 | cos=0.999
[2026-03-12 21:52:53,507][__main__][INFO] -   epoch  40 | loss=0.0188 | DDA=0.600 | MSE=0.0153 | cos=0.999
[2026-03-12 21:52:56,390][__main__][INFO] -   epoch  45 | loss=0.0193 | DDA=0.630 | MSE=0.0154 | cos=0.999
[2026-03-12 21:52:59,096][__main__][INFO] -   epoch  50 | loss=0.0182 | DDA=0.610 | MSE=0.0144 | cos=0.999
[2026-03-12 21:53:01,697][__main__][INFO] -   epoch  55 | loss=0.0188 | DDA=0.623 | MSE=0.0142 | cos=0.999
[2026-03-12 21:53:04,567][__main__][INFO] -   epoch  60 | loss=0.0185 | DDA=0.620 | MSE=0.0145 | cos=0.999
[2026-03-12 21:53:04,649][__main__][INFO] - 
FINAL: DDA=0.590 | MSE=0.0140 | cos=0.999 | time=33s
