[2026-03-12 21:44:35,802][__main__][INFO] - 
============================================================
[2026-03-12 21:44:35,802][__main__][INFO] - TRIAL CONFIG:
[2026-03-12 21:44:35,803][__main__][INFO] - model:
  latent_dim: 384
  action_dim: 4
  num_heads: 8
  num_layers: 2
  mlp_ratio: 2
training:
  learning_rate: 0.0003
  batch_size: 32
  sequence_length: 24
  num_epochs: 100
  batches_per_epoch: 50
  grad_clip: 1.0
  weight_decay: 0.0
  lambda_latent: 1.0
  lambda_reward: 0.5
  lambda_done: 0.5
seed: 42
device: cuda
run_tag: baseline
data:
  processed_dir: data/processed
  buffer_capacity: 200000

[2026-03-12 21:44:35,804][__main__][INFO] - ============================================================
[2026-03-12 21:44:35,875][__main__][INFO] - Model: 2,519,043 params | L=2 H=8 (head_dim=48) MLP×2
[2026-03-12 21:44:36,450][__main__][INFO] - Buffer loaded: 1000/1000 episodes | total_steps=63,945
[2026-03-12 21:44:41,305][__main__][INFO] -   epoch   5 | loss=0.0223 | DDA=0.544 | MSE=0.0188 | cos=0.999
[2026-03-12 21:44:43,779][__main__][INFO] -   epoch  10 | loss=0.0211 | DDA=0.570 | MSE=0.0178 | cos=0.999
[2026-03-12 21:44:46,253][__main__][INFO] -   epoch  15 | loss=0.0209 | DDA=0.597 | MSE=0.0158 | cos=0.999
[2026-03-12 21:44:48,782][__main__][INFO] -   epoch  20 | loss=0.0186 | DDA=0.635 | MSE=0.0155 | cos=0.999
[2026-03-12 21:44:51,273][__main__][INFO] -   epoch  25 | loss=0.0183 | DDA=0.610 | MSE=0.0137 | cos=0.999
[2026-03-12 21:44:53,760][__main__][INFO] -   epoch  30 | loss=0.0182 | DDA=0.616 | MSE=0.0134 | cos=0.999
[2026-03-12 21:44:56,328][__main__][INFO] -   epoch  35 | loss=0.0164 | DDA=0.615 | MSE=0.0134 | cos=0.999
[2026-03-12 21:44:58,920][__main__][INFO] -   epoch  40 | loss=0.0159 | DDA=0.624 | MSE=0.0123 | cos=0.999
[2026-03-12 21:45:01,489][__main__][INFO] -   epoch  45 | loss=0.0161 | DDA=0.654 | MSE=0.0122 | cos=0.999
[2026-03-12 21:45:03,983][__main__][INFO] -   epoch  50 | loss=0.0149 | DDA=0.632 | MSE=0.0111 | cos=0.999
[2026-03-12 21:45:06,530][__main__][INFO] -   epoch  55 | loss=0.0153 | DDA=0.651 | MSE=0.0109 | cos=0.999
[2026-03-12 21:45:09,090][__main__][INFO] -   epoch  60 | loss=0.0148 | DDA=0.647 | MSE=0.0105 | cos=0.999
[2026-03-12 21:45:11,621][__main__][INFO] -   epoch  65 | loss=0.0132 | DDA=0.628 | MSE=0.0099 | cos=0.999
[2026-03-12 21:45:14,115][__main__][INFO] -   epoch  70 | loss=0.0135 | DDA=0.635 | MSE=0.0094 | cos=0.999
[2026-03-12 21:45:16,672][__main__][INFO] -   epoch  75 | loss=0.0126 | DDA=0.646 | MSE=0.0097 | cos=0.999
[2026-03-12 21:45:19,245][__main__][INFO] -   epoch  80 | loss=0.0128 | DDA=0.624 | MSE=0.0082 | cos=0.999
[2026-03-12 21:45:21,808][__main__][INFO] -   epoch  85 | loss=0.0123 | DDA=0.664 | MSE=0.0082 | cos=0.999
[2026-03-12 21:45:24,365][__main__][INFO] -   epoch  90 | loss=0.0122 | DDA=0.654 | MSE=0.0088 | cos=0.999
[2026-03-12 21:45:27,027][__main__][INFO] -   epoch  95 | loss=0.0111 | DDA=0.643 | MSE=0.0082 | cos=0.999
[2026-03-12 21:45:29,581][__main__][INFO] -   epoch 100 | loss=0.0107 | DDA=0.629 | MSE=0.0073 | cos=0.999
[2026-03-12 21:45:29,647][__main__][INFO] - 
FINAL: DDA=0.639 | MSE=0.0073 | cos=0.999 | time=51s
