[2026-03-12 21:55:48,590][__main__][INFO] - 
============================================================
[2026-03-12 21:55:48,590][__main__][INFO] - TRIAL CONFIG:
[2026-03-12 21:55:48,592][__main__][INFO] - model:
  latent_dim: 384
  action_dim: 4
  num_heads: 8
  num_layers: 2
  mlp_ratio: 2
training:
  learning_rate: 0.00048670045844836495
  batch_size: 32
  sequence_length: 24
  num_epochs: 60
  batches_per_epoch: 50
  grad_clip: 1.0
  weight_decay: 0.0
  lambda_latent: 1.0
  lambda_reward: 0.5
  lambda_done: 0.5
seed: 42
device: cuda
run_tag: lr_sweep
data:
  processed_dir: data/processed
  buffer_capacity: 200000

[2026-03-12 21:55:48,593][__main__][INFO] - ============================================================
[2026-03-12 21:55:48,606][__main__][INFO] - Model: 2,519,043 params | L=2 H=8 (head_dim=48) MLP×2
[2026-03-12 21:55:49,278][__main__][INFO] - Buffer loaded: 1000/1000 episodes | total_steps=63,945
[2026-03-12 21:55:51,870][__main__][INFO] -   epoch   5 | loss=0.0219 | DDA=0.549 | MSE=0.0185 | cos=0.999
[2026-03-12 21:55:54,579][__main__][INFO] -   epoch  10 | loss=0.0200 | DDA=0.587 | MSE=0.0167 | cos=0.999
[2026-03-12 21:55:57,542][__main__][INFO] -   epoch  15 | loss=0.0198 | DDA=0.608 | MSE=0.0148 | cos=0.999
[2026-03-12 21:56:00,317][__main__][INFO] -   epoch  20 | loss=0.0174 | DDA=0.639 | MSE=0.0142 | cos=0.999
[2026-03-12 21:56:03,062][__main__][INFO] -   epoch  25 | loss=0.0169 | DDA=0.622 | MSE=0.0123 | cos=0.999
[2026-03-12 21:56:05,664][__main__][INFO] -   epoch  30 | loss=0.0169 | DDA=0.620 | MSE=0.0121 | cos=0.999
[2026-03-12 21:56:08,311][__main__][INFO] -   epoch  35 | loss=0.0152 | DDA=0.621 | MSE=0.0123 | cos=0.999
[2026-03-12 21:56:11,332][__main__][INFO] -   epoch  40 | loss=0.0145 | DDA=0.634 | MSE=0.0111 | cos=0.999
[2026-03-12 21:56:14,017][__main__][INFO] -   epoch  45 | loss=0.0148 | DDA=0.658 | MSE=0.0109 | cos=0.999
[2026-03-12 21:56:16,612][__main__][INFO] -   epoch  50 | loss=0.0134 | DDA=0.636 | MSE=0.0097 | cos=0.999
[2026-03-12 21:56:19,299][__main__][INFO] -   epoch  55 | loss=0.0136 | DDA=0.653 | MSE=0.0092 | cos=0.999
[2026-03-12 21:56:22,090][__main__][INFO] -   epoch  60 | loss=0.0131 | DDA=0.650 | MSE=0.0086 | cos=0.999
[2026-03-12 21:56:22,159][__main__][INFO] - 
FINAL: DDA=0.622 | MSE=0.0085 | cos=0.999 | time=33s
