[2026-03-12 19:15:23,453][__main__][INFO] - 
============================================================
[2026-03-12 19:15:23,453][__main__][INFO] - TRIAL CONFIG:
[2026-03-12 19:15:23,454][__main__][INFO] - model:
  latent_dim: 384
  action_dim: 4
  num_heads: 4
  num_layers: 4
  mlp_ratio: 4
training:
  learning_rate: 0.0001
  batch_size: 32
  sequence_length: 16
  num_epochs: 30
  batches_per_epoch: 50
  grad_clip: 1.0
  weight_decay: 0.0
  lambda_latent: 1.0
  lambda_reward: 0.5
  lambda_done: 0.5
seed: 42
device: cuda
run_tag: baseline
data:
  processed_dir: data/processed
  buffer_capacity: 200000

[2026-03-12 19:15:23,454][__main__][INFO] - ============================================================
[2026-03-12 19:15:23,558][__main__][INFO] - Model: 7,249,155 params | L=4 H=4 (head_dim=96) MLP×4
[2026-03-12 19:15:24,108][__main__][INFO] - Buffer loaded: 1000/1000 episodes | total_steps=63,945
[2026-03-12 19:15:30,989][__main__][INFO] -   epoch   5 | loss=0.0226 | DDA=0.505 | MSE=0.0184 | cos=0.999
[2026-03-12 19:15:35,704][__main__][INFO] -   epoch  10 | loss=0.0222 | DDA=0.548 | MSE=0.0183 | cos=0.999
[2026-03-12 19:15:39,850][__main__][INFO] -   epoch  15 | loss=0.0217 | DDA=0.570 | MSE=0.0178 | cos=0.999
[2026-03-12 19:15:44,080][__main__][INFO] -   epoch  20 | loss=0.0218 | DDA=0.573 | MSE=0.0157 | cos=0.999
[2026-03-12 19:15:48,223][__main__][INFO] -   epoch  25 | loss=0.0213 | DDA=0.574 | MSE=0.0154 | cos=0.999
[2026-03-12 19:15:52,469][__main__][INFO] -   epoch  30 | loss=0.0199 | DDA=0.616 | MSE=0.0155 | cos=0.999
[2026-03-12 19:15:52,553][__main__][INFO] - 
FINAL: DDA=0.584 | MSE=0.0155 | cos=0.999 | time=26s
