[2026-03-12 20:55:46,556][__main__][INFO] - 
============================================================
[2026-03-12 20:55:46,556][__main__][INFO] - TRIAL CONFIG:
[2026-03-12 20:55:46,558][__main__][INFO] - model:
  latent_dim: 384
  action_dim: 4
  num_heads: 6
  num_layers: 2
  mlp_ratio: 2
training:
  learning_rate: 0.000941423661497713
  batch_size: 32
  sequence_length: 32
  num_epochs: 30
  batches_per_epoch: 50
  grad_clip: 1.0
  weight_decay: 0.0
  lambda_latent: 1.0
  lambda_reward: 0.5
  lambda_done: 0.5
seed: 42
device: cuda
run_tag: baseline
data:
  processed_dir: data/processed
  buffer_capacity: 200000

[2026-03-12 20:55:46,558][__main__][INFO] - ============================================================
[2026-03-12 20:55:46,570][__main__][INFO] - Model: 2,519,043 params | L=2 H=6 (head_dim=64) MLP×2
[2026-03-12 20:55:47,197][__main__][INFO] - Buffer loaded: 1000/1000 episodes | total_steps=63,945
[2026-03-12 20:55:49,879][__main__][INFO] -   epoch   5 | loss=0.0214 | DDA=0.564 | MSE=0.0174 | cos=0.999
[2026-03-12 20:55:52,464][__main__][INFO] -   epoch  10 | loss=0.0196 | DDA=0.608 | MSE=0.0153 | cos=0.999
[2026-03-12 20:55:55,017][__main__][INFO] -   epoch  15 | loss=0.0163 | DDA=0.595 | MSE=0.0127 | cos=0.999
[2026-03-12 20:55:58,285][__main__][INFO] -   epoch  20 | loss=0.0160 | DDA=0.631 | MSE=0.0122 | cos=0.999
[2026-03-12 20:56:00,953][__main__][INFO] -   epoch  25 | loss=0.0163 | DDA=0.662 | MSE=0.0117 | cos=0.999
[2026-03-12 20:56:03,525][__main__][INFO] -   epoch  30 | loss=0.0150 | DDA=0.603 | MSE=0.0101 | cos=0.999
[2026-03-12 20:56:03,592][__main__][INFO] - 
FINAL: DDA=0.638 | MSE=0.0108 | cos=0.999 | time=16s
