[2026-03-12 20:49:44,726][__main__][INFO] - 
============================================================
[2026-03-12 20:49:44,727][__main__][INFO] - TRIAL CONFIG:
[2026-03-12 20:49:44,728][__main__][INFO] - model:
  latent_dim: 384
  action_dim: 4
  num_heads: 8
  num_layers: 2
  mlp_ratio: 2
training:
  learning_rate: 0.0007353700498477277
  batch_size: 128
  sequence_length: 24
  num_epochs: 30
  batches_per_epoch: 50
  grad_clip: 1.0
  weight_decay: 0.0
  lambda_latent: 1.0
  lambda_reward: 0.5
  lambda_done: 0.5
seed: 42
device: cuda
run_tag: baseline
data:
  processed_dir: data/processed
  buffer_capacity: 200000

[2026-03-12 20:49:44,728][__main__][INFO] - ============================================================
[2026-03-12 20:49:44,741][__main__][INFO] - Model: 2,519,043 params | L=2 H=8 (head_dim=48) MLP×2
[2026-03-12 20:49:45,515][__main__][INFO] - Buffer loaded: 1000/1000 episodes | total_steps=63,945
[2026-03-12 20:49:49,679][__main__][INFO] -   epoch   5 | loss=0.0215 | DDA=0.596 | MSE=0.0167 | cos=0.999
[2026-03-12 20:49:53,748][__main__][INFO] -   epoch  10 | loss=0.0191 | DDA=0.632 | MSE=0.0154 | cos=0.999
[2026-03-12 20:49:58,277][__main__][INFO] -   epoch  15 | loss=0.0174 | DDA=0.626 | MSE=0.0129 | cos=0.999
[2026-03-12 20:50:02,300][__main__][INFO] -   epoch  20 | loss=0.0167 | DDA=0.631 | MSE=0.0126 | cos=0.999
[2026-03-12 20:50:06,430][__main__][INFO] -   epoch  25 | loss=0.0154 | DDA=0.628 | MSE=0.0111 | cos=0.999
[2026-03-12 20:50:10,511][__main__][INFO] -   epoch  30 | loss=0.0149 | DDA=0.630 | MSE=0.0101 | cos=0.999
[2026-03-12 20:50:10,603][__main__][INFO] - 
FINAL: DDA=0.639 | MSE=0.0102 | cos=0.999 | time=25s
