[2026-03-12 20:54:19,272][__main__][INFO] - 
============================================================
[2026-03-12 20:54:19,272][__main__][INFO] - TRIAL CONFIG:
[2026-03-12 20:54:19,274][__main__][INFO] - model:
  latent_dim: 384
  action_dim: 4
  num_heads: 8
  num_layers: 2
  mlp_ratio: 2
training:
  learning_rate: 0.0008922807875359403
  batch_size: 32
  sequence_length: 24
  num_epochs: 30
  batches_per_epoch: 50
  grad_clip: 1.0
  weight_decay: 0.0
  lambda_latent: 1.0
  lambda_reward: 0.5
  lambda_done: 0.5
seed: 42
device: cuda
run_tag: baseline
data:
  processed_dir: data/processed
  buffer_capacity: 200000

[2026-03-12 20:54:19,274][__main__][INFO] - ============================================================
[2026-03-12 20:54:19,291][__main__][INFO] - Model: 2,519,043 params | L=2 H=8 (head_dim=48) MLP×2
[2026-03-12 20:54:20,157][__main__][INFO] - Buffer loaded: 1000/1000 episodes | total_steps=63,945
[2026-03-12 20:54:23,707][__main__][INFO] -   epoch   5 | loss=0.0215 | DDA=0.561 | MSE=0.0180 | cos=0.999
[2026-03-12 20:54:27,119][__main__][INFO] -   epoch  10 | loss=0.0189 | DDA=0.598 | MSE=0.0154 | cos=0.999
[2026-03-12 20:54:29,827][__main__][INFO] -   epoch  15 | loss=0.0186 | DDA=0.620 | MSE=0.0137 | cos=0.999
[2026-03-12 20:54:32,378][__main__][INFO] -   epoch  20 | loss=0.0165 | DDA=0.638 | MSE=0.0135 | cos=0.999
[2026-03-12 20:54:34,945][__main__][INFO] -   epoch  25 | loss=0.0162 | DDA=0.626 | MSE=0.0118 | cos=0.999
[2026-03-12 20:54:37,477][__main__][INFO] -   epoch  30 | loss=0.0157 | DDA=0.633 | MSE=0.0107 | cos=0.999
[2026-03-12 20:54:37,539][__main__][INFO] - 
FINAL: DDA=0.644 | MSE=0.0110 | cos=0.999 | time=17s
