[2026-03-12 20:29:12,054][__main__][INFO] - 
============================================================
[2026-03-12 20:29:12,054][__main__][INFO] - TRIAL CONFIG:
[2026-03-12 20:29:12,055][__main__][INFO] - model:
  latent_dim: 384
  action_dim: 4
  num_heads: 12
  num_layers: 4
  mlp_ratio: 8
training:
  learning_rate: 0.0009727803915969069
  batch_size: 128
  sequence_length: 24
  num_epochs: 30
  batches_per_epoch: 50
  grad_clip: 1.0
  weight_decay: 0.0
  lambda_latent: 1.0
  lambda_reward: 0.5
  lambda_done: 0.5
seed: 42
device: cuda
run_tag: baseline
data:
  processed_dir: data/processed
  buffer_capacity: 200000

[2026-03-12 20:29:12,055][__main__][INFO] - ============================================================
[2026-03-12 20:29:12,106][__main__][INFO] - Model: 11,973,891 params | L=4 H=12 (head_dim=32) MLP×8
[2026-03-12 20:29:12,682][__main__][INFO] - Buffer loaded: 1000/1000 episodes | total_steps=63,945
[2026-03-12 20:29:25,652][__main__][INFO] -   epoch   5 | loss=0.0240 | DDA=0.515 | MSE=0.0183 | cos=0.999
[2026-03-12 20:29:38,853][__main__][INFO] -   epoch  10 | loss=0.0203 | DDA=0.592 | MSE=0.0165 | cos=0.999
[2026-03-12 20:29:52,207][__main__][INFO] -   epoch  15 | loss=0.0177 | DDA=0.612 | MSE=0.0132 | cos=0.999
[2026-03-12 20:30:05,875][__main__][INFO] -   epoch  20 | loss=0.0153 | DDA=0.636 | MSE=0.0110 | cos=0.999
[2026-03-12 20:30:19,337][__main__][INFO] -   epoch  25 | loss=0.0151 | DDA=0.626 | MSE=0.0108 | cos=0.999
[2026-03-12 20:30:32,828][__main__][INFO] -   epoch  30 | loss=0.0219 | DDA=0.615 | MSE=0.0124 | cos=0.999
[2026-03-12 20:30:33,039][__main__][INFO] - 
FINAL: DDA=0.623 | MSE=0.0126 | cos=0.999 | time=80s
