[2026-03-12 20:25:41,940][__main__][INFO] - 
============================================================
[2026-03-12 20:25:41,940][__main__][INFO] - TRIAL CONFIG:
[2026-03-12 20:25:41,941][__main__][INFO] - model:
  latent_dim: 384
  action_dim: 4
  num_heads: 6
  num_layers: 8
  mlp_ratio: 2
training:
  learning_rate: 0.00026923047667636073
  batch_size: 64
  sequence_length: 24
  num_epochs: 30
  batches_per_epoch: 50
  grad_clip: 1.0
  weight_decay: 0.0
  lambda_latent: 1.0
  lambda_reward: 0.5
  lambda_done: 0.5
seed: 42
device: cuda
run_tag: baseline
data:
  processed_dir: data/processed
  buffer_capacity: 200000

[2026-03-12 20:25:41,942][__main__][INFO] - ============================================================
[2026-03-12 20:25:41,988][__main__][INFO] - Model: 9,622,275 params | L=8 H=6 (head_dim=64) MLP×2
[2026-03-12 20:25:42,662][__main__][INFO] - Buffer loaded: 1000/1000 episodes | total_steps=63,945
[2026-03-12 20:25:50,930][__main__][INFO] -   epoch   5 | loss=0.0219 | DDA=0.551 | MSE=0.0192 | cos=0.999
[2026-03-12 20:25:59,385][__main__][INFO] -   epoch  10 | loss=0.0210 | DDA=0.590 | MSE=0.0166 | cos=0.999
[2026-03-12 20:26:07,882][__main__][INFO] -   epoch  15 | loss=0.0197 | DDA=0.598 | MSE=0.0144 | cos=0.999
[2026-03-12 20:26:16,306][__main__][INFO] -   epoch  20 | loss=0.0171 | DDA=0.638 | MSE=0.0137 | cos=0.999
[2026-03-12 20:26:24,641][__main__][INFO] -   epoch  25 | loss=0.0163 | DDA=0.620 | MSE=0.0114 | cos=0.999
[2026-03-12 20:26:33,020][__main__][INFO] -   epoch  30 | loss=0.0141 | DDA=0.637 | MSE=0.0108 | cos=0.999
[2026-03-12 20:26:33,173][__main__][INFO] - 
FINAL: DDA=0.624 | MSE=0.0107 | cos=0.999 | time=50s
