[2026-03-12 20:54:37,646][__main__][INFO] - 
============================================================
[2026-03-12 20:54:37,647][__main__][INFO] - TRIAL CONFIG:
[2026-03-12 20:54:37,647][__main__][INFO] - model:
  latent_dim: 384
  action_dim: 4
  num_heads: 8
  num_layers: 2
  mlp_ratio: 2
training:
  learning_rate: 0.000991305417979183
  batch_size: 32
  sequence_length: 24
  num_epochs: 30
  batches_per_epoch: 50
  grad_clip: 1.0
  weight_decay: 0.0
  lambda_latent: 1.0
  lambda_reward: 0.5
  lambda_done: 0.5
seed: 42
device: cuda
run_tag: baseline
data:
  processed_dir: data/processed
  buffer_capacity: 200000

[2026-03-12 20:54:37,648][__main__][INFO] - ============================================================
[2026-03-12 20:54:37,661][__main__][INFO] - Model: 2,519,043 params | L=2 H=8 (head_dim=48) MLP×2
[2026-03-12 20:54:38,300][__main__][INFO] - Buffer loaded: 1000/1000 episodes | total_steps=63,945
[2026-03-12 20:54:41,192][__main__][INFO] -   epoch   5 | loss=0.0218 | DDA=0.561 | MSE=0.0180 | cos=0.999
[2026-03-12 20:54:43,835][__main__][INFO] -   epoch  10 | loss=0.0189 | DDA=0.576 | MSE=0.0161 | cos=0.999
[2026-03-12 20:54:46,472][__main__][INFO] -   epoch  15 | loss=0.0185 | DDA=0.624 | MSE=0.0133 | cos=0.999
[2026-03-12 20:54:49,046][__main__][INFO] -   epoch  20 | loss=0.0161 | DDA=0.645 | MSE=0.0129 | cos=0.999
[2026-03-12 20:54:52,117][__main__][INFO] -   epoch  25 | loss=0.0158 | DDA=0.624 | MSE=0.0113 | cos=0.999
[2026-03-12 20:54:55,155][__main__][INFO] -   epoch  30 | loss=0.0156 | DDA=0.632 | MSE=0.0108 | cos=0.999
[2026-03-12 20:54:55,229][__main__][INFO] - 
FINAL: DDA=0.641 | MSE=0.0110 | cos=0.999 | time=17s
