[2026-03-12 20:55:12,688][__main__][INFO] - 
============================================================
[2026-03-12 20:55:12,690][__main__][INFO] - TRIAL CONFIG:
[2026-03-12 20:55:12,691][__main__][INFO] - model:
  latent_dim: 384
  action_dim: 4
  num_heads: 8
  num_layers: 2
  mlp_ratio: 2
training:
  learning_rate: 0.0009419479270911096
  batch_size: 32
  sequence_length: 24
  num_epochs: 30
  batches_per_epoch: 50
  grad_clip: 1.0
  weight_decay: 0.0
  lambda_latent: 1.0
  lambda_reward: 0.5
  lambda_done: 0.5
seed: 42
device: cuda
run_tag: baseline
data:
  processed_dir: data/processed
  buffer_capacity: 200000

[2026-03-12 20:55:12,691][__main__][INFO] - ============================================================
[2026-03-12 20:55:12,703][__main__][INFO] - Model: 2,519,043 params | L=2 H=8 (head_dim=48) MLP×2
[2026-03-12 20:55:13,312][__main__][INFO] - Buffer loaded: 1000/1000 episodes | total_steps=63,945
[2026-03-12 20:55:15,936][__main__][INFO] -   epoch   5 | loss=0.0221 | DDA=0.548 | MSE=0.0184 | cos=0.999
[2026-03-12 20:55:18,551][__main__][INFO] -   epoch  10 | loss=0.0192 | DDA=0.597 | MSE=0.0159 | cos=0.999
[2026-03-12 20:55:21,150][__main__][INFO] -   epoch  15 | loss=0.0187 | DDA=0.622 | MSE=0.0136 | cos=0.999
[2026-03-12 20:55:23,729][__main__][INFO] -   epoch  20 | loss=0.0164 | DDA=0.638 | MSE=0.0134 | cos=0.999
[2026-03-12 20:55:26,691][__main__][INFO] -   epoch  25 | loss=0.0160 | DDA=0.625 | MSE=0.0115 | cos=0.999
[2026-03-12 20:55:29,375][__main__][INFO] -   epoch  30 | loss=0.0160 | DDA=0.626 | MSE=0.0112 | cos=0.999
[2026-03-12 20:55:29,450][__main__][INFO] - 
FINAL: DDA=0.638 | MSE=0.0115 | cos=0.999 | time=16s
