[2026-03-12 21:49:03,073][__main__][INFO] - 
============================================================
[2026-03-12 21:49:03,073][__main__][INFO] - TRIAL CONFIG:
[2026-03-12 21:49:03,074][__main__][INFO] - model:
  latent_dim: 384
  action_dim: 4
  num_heads: 8
  num_layers: 2
  mlp_ratio: 2
training:
  learning_rate: 0.0004433379237808382
  batch_size: 32
  sequence_length: 24
  num_epochs: 60
  batches_per_epoch: 50
  grad_clip: 1.0
  weight_decay: 0.0
  lambda_latent: 1.0
  lambda_reward: 0.5
  lambda_done: 0.5
seed: 42
device: cuda
run_tag: lr_sweep
data:
  processed_dir: data/processed
  buffer_capacity: 200000

[2026-03-12 21:49:03,074][__main__][INFO] - ============================================================
[2026-03-12 21:49:03,152][__main__][INFO] - Model: 2,519,043 params | L=2 H=8 (head_dim=48) MLP×2
[2026-03-12 21:49:03,735][__main__][INFO] - Buffer loaded: 1000/1000 episodes | total_steps=63,945
[2026-03-12 21:49:08,563][__main__][INFO] -   epoch   5 | loss=0.0219 | DDA=0.552 | MSE=0.0184 | cos=0.999
[2026-03-12 21:49:11,005][__main__][INFO] -   epoch  10 | loss=0.0199 | DDA=0.590 | MSE=0.0166 | cos=0.999
[2026-03-12 21:49:13,508][__main__][INFO] -   epoch  15 | loss=0.0197 | DDA=0.610 | MSE=0.0148 | cos=0.999
[2026-03-12 21:49:15,986][__main__][INFO] -   epoch  20 | loss=0.0176 | DDA=0.644 | MSE=0.0144 | cos=0.999
[2026-03-12 21:49:18,483][__main__][INFO] -   epoch  25 | loss=0.0173 | DDA=0.621 | MSE=0.0125 | cos=0.999
[2026-03-12 21:49:20,997][__main__][INFO] -   epoch  30 | loss=0.0172 | DDA=0.617 | MSE=0.0127 | cos=0.999
[2026-03-12 21:49:23,589][__main__][INFO] -   epoch  35 | loss=0.0156 | DDA=0.616 | MSE=0.0129 | cos=0.999
[2026-03-12 21:49:26,131][__main__][INFO] -   epoch  40 | loss=0.0152 | DDA=0.629 | MSE=0.0117 | cos=0.999
[2026-03-12 21:49:28,776][__main__][INFO] -   epoch  45 | loss=0.0156 | DDA=0.657 | MSE=0.0118 | cos=0.999
[2026-03-12 21:49:31,336][__main__][INFO] -   epoch  50 | loss=0.0144 | DDA=0.632 | MSE=0.0109 | cos=0.999
[2026-03-12 21:49:33,892][__main__][INFO] -   epoch  55 | loss=0.0150 | DDA=0.653 | MSE=0.0105 | cos=0.999
[2026-03-12 21:49:36,473][__main__][INFO] -   epoch  60 | loss=0.0144 | DDA=0.648 | MSE=0.0103 | cos=0.999
[2026-03-12 21:49:36,538][__main__][INFO] - 
FINAL: DDA=0.619 | MSE=0.0101 | cos=0.999 | time=31s
