[2026-03-12 20:26:55,166][__main__][INFO] - 
============================================================
[2026-03-12 20:26:55,167][__main__][INFO] - TRIAL CONFIG:
[2026-03-12 20:26:55,168][__main__][INFO] - model:
  latent_dim: 384
  action_dim: 4
  num_heads: 8
  num_layers: 2
  mlp_ratio: 2
training:
  learning_rate: 0.0007986745560239896
  batch_size: 128
  sequence_length: 24
  num_epochs: 30
  batches_per_epoch: 50
  grad_clip: 1.0
  weight_decay: 0.0
  lambda_latent: 1.0
  lambda_reward: 0.5
  lambda_done: 0.5
seed: 42
device: cuda
run_tag: baseline
data:
  processed_dir: data/processed
  buffer_capacity: 200000

[2026-03-12 20:26:55,168][__main__][INFO] - ============================================================
[2026-03-12 20:26:55,183][__main__][INFO] - Model: 2,519,043 params | L=2 H=8 (head_dim=48) MLP×2
[2026-03-12 20:26:55,800][__main__][INFO] - Buffer loaded: 1000/1000 episodes | total_steps=63,945
[2026-03-12 20:26:59,838][__main__][INFO] -   epoch   5 | loss=0.0214 | DDA=0.595 | MSE=0.0166 | cos=0.999
[2026-03-12 20:27:03,856][__main__][INFO] -   epoch  10 | loss=0.0191 | DDA=0.630 | MSE=0.0156 | cos=0.999
[2026-03-12 20:27:07,902][__main__][INFO] -   epoch  15 | loss=0.0178 | DDA=0.621 | MSE=0.0135 | cos=0.999
[2026-03-12 20:27:11,988][__main__][INFO] -   epoch  20 | loss=0.0161 | DDA=0.638 | MSE=0.0120 | cos=0.999
[2026-03-12 20:27:16,059][__main__][INFO] -   epoch  25 | loss=0.0146 | DDA=0.633 | MSE=0.0103 | cos=0.999
[2026-03-12 20:27:20,156][__main__][INFO] -   epoch  30 | loss=0.0143 | DDA=0.631 | MSE=0.0098 | cos=0.999
[2026-03-12 20:27:20,245][__main__][INFO] - 
FINAL: DDA=0.641 | MSE=0.0099 | cos=0.999 | time=24s
