[2026-03-12 20:43:19,244][__main__][INFO] - 
============================================================
[2026-03-12 20:43:19,245][__main__][INFO] - TRIAL CONFIG:
[2026-03-12 20:43:19,245][__main__][INFO] - model:
  latent_dim: 384
  action_dim: 4
  num_heads: 8
  num_layers: 2
  mlp_ratio: 2
training:
  learning_rate: 0.0008434807644737252
  batch_size: 64
  sequence_length: 24
  num_epochs: 30
  batches_per_epoch: 50
  grad_clip: 1.0
  weight_decay: 0.0
  lambda_latent: 1.0
  lambda_reward: 0.5
  lambda_done: 0.5
seed: 42
device: cuda
run_tag: baseline
data:
  processed_dir: data/processed
  buffer_capacity: 200000

[2026-03-12 20:43:19,246][__main__][INFO] - ============================================================
[2026-03-12 20:43:19,262][__main__][INFO] - Model: 2,519,043 params | L=2 H=8 (head_dim=48) MLP×2
[2026-03-12 20:43:19,963][__main__][INFO] - Buffer loaded: 1000/1000 episodes | total_steps=63,945
[2026-03-12 20:43:23,121][__main__][INFO] -   epoch   5 | loss=0.0209 | DDA=0.592 | MSE=0.0178 | cos=0.999
[2026-03-12 20:43:26,439][__main__][INFO] -   epoch  10 | loss=0.0193 | DDA=0.610 | MSE=0.0153 | cos=0.999
[2026-03-12 20:43:29,307][__main__][INFO] -   epoch  15 | loss=0.0180 | DDA=0.610 | MSE=0.0128 | cos=0.999
[2026-03-12 20:43:32,210][__main__][INFO] -   epoch  20 | loss=0.0158 | DDA=0.652 | MSE=0.0123 | cos=0.999
[2026-03-12 20:43:35,160][__main__][INFO] -   epoch  25 | loss=0.0151 | DDA=0.628 | MSE=0.0105 | cos=0.999
[2026-03-12 20:43:38,121][__main__][INFO] -   epoch  30 | loss=0.0145 | DDA=0.642 | MSE=0.0101 | cos=0.999
[2026-03-12 20:43:38,196][__main__][INFO] - 
FINAL: DDA=0.628 | MSE=0.0099 | cos=0.999 | time=18s
