[2026-03-12 21:50:09,056][__main__][INFO] - 
============================================================
[2026-03-12 21:50:09,056][__main__][INFO] - TRIAL CONFIG:
[2026-03-12 21:50:09,057][__main__][INFO] - model:
  latent_dim: 384
  action_dim: 4
  num_heads: 8
  num_layers: 2
  mlp_ratio: 2
training:
  learning_rate: 0.0004068820669321601
  batch_size: 32
  sequence_length: 24
  num_epochs: 60
  batches_per_epoch: 50
  grad_clip: 1.0
  weight_decay: 0.0
  lambda_latent: 1.0
  lambda_reward: 0.5
  lambda_done: 0.5
seed: 42
device: cuda
run_tag: lr_sweep
data:
  processed_dir: data/processed
  buffer_capacity: 200000

[2026-03-12 21:50:09,057][__main__][INFO] - ============================================================
[2026-03-12 21:50:09,070][__main__][INFO] - Model: 2,519,043 params | L=2 H=8 (head_dim=48) MLP×2
[2026-03-12 21:50:09,659][__main__][INFO] - Buffer loaded: 1000/1000 episodes | total_steps=63,945
[2026-03-12 21:50:12,404][__main__][INFO] -   epoch   5 | loss=0.0219 | DDA=0.549 | MSE=0.0185 | cos=0.999
[2026-03-12 21:50:15,572][__main__][INFO] -   epoch  10 | loss=0.0201 | DDA=0.583 | MSE=0.0169 | cos=0.999
[2026-03-12 21:50:18,388][__main__][INFO] -   epoch  15 | loss=0.0200 | DDA=0.607 | MSE=0.0151 | cos=0.999
[2026-03-12 21:50:21,187][__main__][INFO] -   epoch  20 | loss=0.0176 | DDA=0.638 | MSE=0.0146 | cos=0.999
[2026-03-12 21:50:24,010][__main__][INFO] -   epoch  25 | loss=0.0172 | DDA=0.617 | MSE=0.0127 | cos=0.999
[2026-03-12 21:50:27,066][__main__][INFO] -   epoch  30 | loss=0.0172 | DDA=0.624 | MSE=0.0123 | cos=0.999
[2026-03-12 21:50:29,907][__main__][INFO] -   epoch  35 | loss=0.0155 | DDA=0.618 | MSE=0.0126 | cos=0.999
[2026-03-12 21:50:32,759][__main__][INFO] -   epoch  40 | loss=0.0148 | DDA=0.631 | MSE=0.0113 | cos=0.999
[2026-03-12 21:50:35,581][__main__][INFO] -   epoch  45 | loss=0.0152 | DDA=0.660 | MSE=0.0113 | cos=0.999
[2026-03-12 21:50:38,419][__main__][INFO] -   epoch  50 | loss=0.0138 | DDA=0.635 | MSE=0.0100 | cos=0.999
[2026-03-12 21:50:41,219][__main__][INFO] -   epoch  55 | loss=0.0141 | DDA=0.654 | MSE=0.0096 | cos=0.999
[2026-03-12 21:50:44,016][__main__][INFO] -   epoch  60 | loss=0.0135 | DDA=0.649 | MSE=0.0091 | cos=0.999
[2026-03-12 21:50:44,089][__main__][INFO] - 
FINAL: DDA=0.620 | MSE=0.0089 | cos=0.999 | time=34s
