[2026-03-12 21:51:19,986][__main__][INFO] - 
============================================================
[2026-03-12 21:51:19,986][__main__][INFO] - TRIAL CONFIG:
[2026-03-12 21:51:19,987][__main__][INFO] - model:
  latent_dim: 384
  action_dim: 4
  num_heads: 8
  num_layers: 2
  mlp_ratio: 2
training:
  learning_rate: 0.0002673283737511491
  batch_size: 32
  sequence_length: 24
  num_epochs: 60
  batches_per_epoch: 50
  grad_clip: 1.0
  weight_decay: 0.0
  lambda_latent: 1.0
  lambda_reward: 0.5
  lambda_done: 0.5
seed: 42
device: cuda
run_tag: lr_sweep
data:
  processed_dir: data/processed
  buffer_capacity: 200000

[2026-03-12 21:51:19,987][__main__][INFO] - ============================================================
[2026-03-12 21:51:20,000][__main__][INFO] - Model: 2,519,043 params | L=2 H=8 (head_dim=48) MLP×2
[2026-03-12 21:51:20,780][__main__][INFO] - Buffer loaded: 1000/1000 episodes | total_steps=63,945
[2026-03-12 21:51:23,606][__main__][INFO] -   epoch   5 | loss=0.0224 | DDA=0.539 | MSE=0.0190 | cos=0.999
[2026-03-12 21:51:26,457][__main__][INFO] -   epoch  10 | loss=0.0214 | DDA=0.550 | MSE=0.0183 | cos=0.999
[2026-03-12 21:51:29,476][__main__][INFO] -   epoch  15 | loss=0.0213 | DDA=0.562 | MSE=0.0167 | cos=0.999
[2026-03-12 21:51:32,281][__main__][INFO] -   epoch  20 | loss=0.0189 | DDA=0.617 | MSE=0.0160 | cos=0.999
[2026-03-12 21:51:35,059][__main__][INFO] -   epoch  25 | loss=0.0187 | DDA=0.602 | MSE=0.0141 | cos=0.999
[2026-03-12 21:51:37,881][__main__][INFO] -   epoch  30 | loss=0.0189 | DDA=0.616 | MSE=0.0139 | cos=0.999
[2026-03-12 21:51:40,766][__main__][INFO] -   epoch  35 | loss=0.0170 | DDA=0.611 | MSE=0.0140 | cos=0.999
[2026-03-12 21:51:43,622][__main__][INFO] -   epoch  40 | loss=0.0163 | DDA=0.623 | MSE=0.0126 | cos=0.999
[2026-03-12 21:51:46,431][__main__][INFO] -   epoch  45 | loss=0.0167 | DDA=0.651 | MSE=0.0128 | cos=0.999
[2026-03-12 21:51:49,215][__main__][INFO] -   epoch  50 | loss=0.0157 | DDA=0.626 | MSE=0.0121 | cos=0.999
[2026-03-12 21:51:53,007][__main__][INFO] -   epoch  55 | loss=0.0162 | DDA=0.648 | MSE=0.0117 | cos=0.999
[2026-03-12 21:51:56,106][__main__][INFO] -   epoch  60 | loss=0.0159 | DDA=0.646 | MSE=0.0114 | cos=0.999
[2026-03-12 21:51:56,175][__main__][INFO] - 
FINAL: DDA=0.615 | MSE=0.0111 | cos=0.999 | time=35s
